<?xml version="1.0" encoding="UTF-8"?>
<testng-results skipped="0" failed="0" total="3" passed="3">
  <reporter-output>
  </reporter-output>
  <suite name="Command line suite" duration-ms="53199" started-at="2019-06-01T09:17:37Z" finished-at="2019-06-01T09:18:30Z">
    <groups>
    </groups>
    <test name="Command line test" duration-ms="53199" started-at="2019-06-01T09:17:37Z" finished-at="2019-06-01T09:18:30Z">
      <class name="cz.mendelu.wedding.GiftDaoTest">
        <test-method status="PASS" signature="springTestContextBeforeTestClass()[pri:0, instance:cz.mendelu.wedding.GiftDaoTest@26a7b76d]" name="springTestContextBeforeTestClass" is-config="true" duration-ms="13" started-at="2019-06-01T11:17:37Z" finished-at="2019-06-01T11:17:37Z">
          <reporter-output>
          </reporter-output>
        </test-method> <!-- springTestContextBeforeTestClass -->
        <test-method status="PASS" signature="springTestContextPrepareTestInstance()[pri:0, instance:cz.mendelu.wedding.GiftDaoTest@26a7b76d]" name="springTestContextPrepareTestInstance" is-config="true" duration-ms="50250" started-at="2019-06-01T11:17:37Z" depends-on-methods="org.springframework.test.context.testng.AbstractTestNGSpringContextTests.springTestContextBeforeTestClass" finished-at="2019-06-01T11:18:27Z">
          <reporter-output>
          </reporter-output>
        </test-method> <!-- springTestContextPrepareTestInstance -->
        <test-method status="PASS" signature="springTestContextBeforeTestMethod(java.lang.reflect.Method)[pri:0, instance:cz.mendelu.wedding.GiftDaoTest@26a7b76d]" name="springTestContextBeforeTestMethod" is-config="true" duration-ms="545" started-at="2019-06-01T11:18:27Z" finished-at="2019-06-01T11:18:28Z">
          <params>
            <param index="0">
              <value>
                <![CDATA[public void cz.mendelu.wedding.GiftDaoTest.testSave()]]>
              </value>
            </param>
          </params>
          <reporter-output>
          </reporter-output>
        </test-method> <!-- springTestContextBeforeTestMethod -->
        <test-method status="PASS" signature="testSave()[pri:0, instance:cz.mendelu.wedding.GiftDaoTest@26a7b76d]" name="testSave" duration-ms="281" started-at="2019-06-01T11:18:28Z" finished-at="2019-06-01T11:18:28Z">
          <reporter-output>
          </reporter-output>
        </test-method> <!-- testSave -->
        <test-method status="PASS" signature="springTestContextAfterTestMethod(java.lang.reflect.Method)[pri:0, instance:cz.mendelu.wedding.GiftDaoTest@26a7b76d]" name="springTestContextAfterTestMethod" is-config="true" duration-ms="124" started-at="2019-06-01T11:18:28Z" finished-at="2019-06-01T11:18:28Z">
          <params>
            <param index="0">
              <value>
                <![CDATA[public void cz.mendelu.wedding.GiftDaoTest.testSave()]]>
              </value>
            </param>
          </params>
          <reporter-output>
          </reporter-output>
        </test-method> <!-- springTestContextAfterTestMethod -->
        <test-method status="PASS" signature="springTestContextBeforeTestMethod(java.lang.reflect.Method)[pri:0, instance:cz.mendelu.wedding.GiftDaoTest@26a7b76d]" name="springTestContextBeforeTestMethod" is-config="true" duration-ms="488" started-at="2019-06-01T11:18:28Z" finished-at="2019-06-01T11:18:29Z">
          <params>
            <param index="0">
              <value>
                <![CDATA[public void cz.mendelu.wedding.GiftDaoTest.testSaveWithGuest()]]>
              </value>
            </param>
          </params>
          <reporter-output>
          </reporter-output>
        </test-method> <!-- springTestContextBeforeTestMethod -->
        <test-method status="PASS" signature="testSaveWithGuest()[pri:0, instance:cz.mendelu.wedding.GiftDaoTest@26a7b76d]" name="testSaveWithGuest" duration-ms="494" started-at="2019-06-01T11:18:29Z" finished-at="2019-06-01T11:18:29Z">
          <reporter-output>
          </reporter-output>
        </test-method> <!-- testSaveWithGuest -->
        <test-method status="PASS" signature="springTestContextAfterTestMethod(java.lang.reflect.Method)[pri:0, instance:cz.mendelu.wedding.GiftDaoTest@26a7b76d]" name="springTestContextAfterTestMethod" is-config="true" duration-ms="120" started-at="2019-06-01T11:18:29Z" finished-at="2019-06-01T11:18:29Z">
          <params>
            <param index="0">
              <value>
                <![CDATA[public void cz.mendelu.wedding.GiftDaoTest.testSaveWithGuest()]]>
              </value>
            </param>
          </params>
          <reporter-output>
          </reporter-output>
        </test-method> <!-- springTestContextAfterTestMethod -->
        <test-method status="PASS" signature="springTestContextAfterTestClass()[pri:0, instance:cz.mendelu.wedding.GiftDaoTest@26a7b76d]" name="springTestContextAfterTestClass" is-config="true" duration-ms="0" started-at="2019-06-01T11:18:29Z" finished-at="2019-06-01T11:18:29Z">
          <reporter-output>
          </reporter-output>
        </test-method> <!-- springTestContextAfterTestClass -->
      </class> <!-- cz.mendelu.wedding.GiftDaoTest -->
      <class name="cz.mendelu.wedding.GuestDaoTest">
        <test-method status="PASS" signature="springTestContextBeforeTestClass()[pri:0, instance:cz.mendelu.wedding.GuestDaoTest@25af5db5]" name="springTestContextBeforeTestClass" is-config="true" duration-ms="0" started-at="2019-06-01T11:18:29Z" finished-at="2019-06-01T11:18:29Z">
          <reporter-output>
          </reporter-output>
        </test-method> <!-- springTestContextBeforeTestClass -->
        <test-method status="PASS" signature="springTestContextPrepareTestInstance()[pri:0, instance:cz.mendelu.wedding.GuestDaoTest@25af5db5]" name="springTestContextPrepareTestInstance" is-config="true" duration-ms="3" started-at="2019-06-01T11:18:29Z" depends-on-methods="org.springframework.test.context.testng.AbstractTestNGSpringContextTests.springTestContextBeforeTestClass" finished-at="2019-06-01T11:18:29Z">
          <reporter-output>
          </reporter-output>
        </test-method> <!-- springTestContextPrepareTestInstance -->
        <test-method status="PASS" signature="springTestContextBeforeTestMethod(java.lang.reflect.Method)[pri:0, instance:cz.mendelu.wedding.GuestDaoTest@25af5db5]" name="springTestContextBeforeTestMethod" is-config="true" duration-ms="493" started-at="2019-06-01T11:18:29Z" finished-at="2019-06-01T11:18:30Z">
          <params>
            <param index="0">
              <value>
                <![CDATA[public void cz.mendelu.wedding.GuestDaoTest.testSave()]]>
              </value>
            </param>
          </params>
          <reporter-output>
          </reporter-output>
        </test-method> <!-- springTestContextBeforeTestMethod -->
        <test-method status="PASS" signature="testSave()[pri:0, instance:cz.mendelu.wedding.GuestDaoTest@25af5db5]" name="testSave" duration-ms="250" started-at="2019-06-01T11:18:30Z" finished-at="2019-06-01T11:18:30Z">
          <reporter-output>
          </reporter-output>
        </test-method> <!-- testSave -->
        <test-method status="PASS" signature="springTestContextAfterTestMethod(java.lang.reflect.Method)[pri:0, instance:cz.mendelu.wedding.GuestDaoTest@25af5db5]" name="springTestContextAfterTestMethod" is-config="true" duration-ms="123" started-at="2019-06-01T11:18:30Z" finished-at="2019-06-01T11:18:30Z">
          <params>
            <param index="0">
              <value>
                <![CDATA[public void cz.mendelu.wedding.GuestDaoTest.testSave()]]>
              </value>
            </param>
          </params>
          <reporter-output>
          </reporter-output>
        </test-method> <!-- springTestContextAfterTestMethod -->
        <test-method status="PASS" signature="springTestContextAfterTestClass()[pri:0, instance:cz.mendelu.wedding.GuestDaoTest@25af5db5]" name="springTestContextAfterTestClass" is-config="true" duration-ms="0" started-at="2019-06-01T11:18:30Z" finished-at="2019-06-01T11:18:30Z">
          <reporter-output>
          </reporter-output>
        </test-method> <!-- springTestContextAfterTestClass -->
      </class> <!-- cz.mendelu.wedding.GuestDaoTest -->
    </test> <!-- Command line test -->
  </suite> <!-- Command line suite -->
</testng-results>
