<?xml version="1.0" encoding="UTF-8"?>
<!-- Generated by org.testng.reporters.JUnitXMLReporter -->
<testsuite hostname="Olda-MacBook-Pro.local" name="Command line test" tests="3" failures="0" timestamp="1 Jun 2019 09:18:30 GMT" time="53.199" errors="0">
  <testcase name="testSave" time="0.281" classname="cz.mendelu.wedding.GiftDaoTest"/>
  <testcase name="testSaveWithGuest" time="0.494" classname="cz.mendelu.wedding.GiftDaoTest"/>
  <testcase name="testSave" time="0.25" classname="cz.mendelu.wedding.GuestDaoTest"/>
</testsuite> <!-- Command line test -->
